<?xml version="1.0" encoding="UTF-8"?>
<!-- Generated by org.testng.reporters.JUnitReportReporter -->
<testsuite hostname="INLEN8520068873" failures="0" tests="4" name="tests.Checkout" time="14.597" errors="0" timestamp="2022-07-04T20:23:04 IST" skipped="0">
  <testcase classname="tests.Checkout" name="ValidAddress" time="3.516"/>
  <system-out/>
  <testcase classname="tests.Checkout" name="EmptyAddress" time="3.461"/>
  <system-out/>
  <testcase classname="tests.Checkout" name="ShippingPriceTax" time="3.568"/>
  <system-out/>
  <testcase classname="tests.Checkout" name="Successfullcheckout" time="4.052"/>
  <system-out/>
</testsuite> <!-- tests.Checkout -->
