<?xml version="1.0" encoding="UTF-8"?>
<!-- Generated by org.testng.reporters.JUnitReportReporter -->
<testsuite hostname="INLEN8520068873" failures="0" tests="5" name="tests.CheckoutTest" time="12.075" errors="0" timestamp="2022-07-06T09:34:52 IST" skipped="0">
  <testcase classname="tests.CheckoutTest" name="ValidAddress" time="2.211"/>
  <system-out/>
  <testcase classname="tests.CheckoutTest" name="EmptyAddress" time="2.894"/>
  <system-out/>
  <testcase classname="tests.CheckoutTest" name="ShippingPriceTax" time="2.398"/>
  <system-out/>
  <testcase classname="tests.CheckoutTest" name="EmptyCartcheckout" time="2.309"/>
  <system-out/>
  <testcase classname="tests.CheckoutTest" name="Successfullcheckout" time="2.263"/>
  <system-out/>
</testsuite> <!-- tests.CheckoutTest -->
