<?xml version="1.0" encoding="UTF-8"?>
<!-- Generated by org.testng.reporters.JUnitReportReporter -->
<testsuite hostname="INLEN8520068873" failures="0" tests="5" name="runner.MyRunner" time="23.426" errors="0" timestamp="2022-07-06T12:53:37 IST" skipped="0">
  <testcase classname="runner.MyRunner" name="runScenario" time="4.037"/>
  <system-out/>
  <testcase classname="runner.MyRunner" name="runScenario" time="4.070"/>
  <system-out/>
  <testcase classname="runner.MyRunner" name="runScenario" time="4.359"/>
  <system-out/>
  <testcase classname="runner.MyRunner" name="runScenario" time="7.115"/>
  <system-out/>
  <testcase classname="runner.MyRunner" name="runScenario" time="3.845"/>
  <system-out/>
</testsuite> <!-- runner.MyRunner -->
