<?xml version="1.0" encoding="UTF-8"?>
<!-- Generated by org.testng.reporters.JUnitReportReporter -->
<testsuite hostname="INLEN8520068873" failures="0" tests="4" name="tests.CheckoutTest" time="17.725" errors="0" timestamp="2022-07-04T20:50:29 IST" skipped="0">
  <testcase classname="tests.CheckoutTest" name="ValidAddress" time="4.325"/>
  <system-out/>
  <testcase classname="tests.CheckoutTest" name="EmptyAddress" time="5.129"/>
  <system-out/>
  <testcase classname="tests.CheckoutTest" name="ShippingPriceTax" time="4.021"/>
  <system-out/>
  <testcase classname="tests.CheckoutTest" name="Successfullcheckout" time="4.250"/>
  <system-out/>
</testsuite> <!-- tests.CheckoutTest -->
